Android/app/build/intermediates/manifest_merge_blame_file/release/manifest-merger-blame-release-report.txt
1<?xml version="1.0" encoding="utf-8"?>
2<manifest xmlns:android="http://schemas.android.com/apk/res/android"
3    package="com.martdevelopersinc.ischeduling"
4    android:versionCode="1"
5    android:versionName="1.0" >
6
7    <uses-sdk
8        android:minSdkVersion="16"
8-->src/main/AndroidManifest.xml
9        android:targetSdkVersion="30" />
9-->src/main/AndroidManifest.xml
10
11    <uses-permission android:name="android.permission.INTERNET" />
11-->src/main/AndroidManifest.xml:5:5-67
11-->src/main/AndroidManifest.xml:5:22-64
12    <uses-permission android:name="android.permission.READ_EXTERNAL_STORAGE" />
12-->src/main/AndroidManifest.xml:6:5-80
12-->src/main/AndroidManifest.xml:6:22-77
13    <uses-permission android:name="android.permission.WAKE_LOCK" />
13-->src/main/AndroidManifest.xml:7:5-68
13-->src/main/AndroidManifest.xml:7:22-65
14    <uses-permission android:name="android.permission.WRITE_EXTERNAL_STORAGE" />
14-->src/main/AndroidManifest.xml:8:5-81
14-->src/main/AndroidManifest.xml:8:22-78
15    <uses-permission android:name="android.permission.ACCESS_NETWORK_STATE" />
15-->src/main/AndroidManifest.xml:9:5-79
15-->src/main/AndroidManifest.xml:9:22-76
16    <uses-permission android:name="android.permission.ACCESS_WIFI_STATE" />
16-->src/main/AndroidManifest.xml:10:5-76
16-->src/main/AndroidManifest.xml:10:22-73
17
18    <application
18-->src/main/AndroidManifest.xml:12:5-32:19
19        android:allowBackup="true"
19-->src/main/AndroidManifest.xml:13:9-35
20        android:appComponentFactory="androidx.core.app.CoreComponentFactory"
20-->[androidx.core:core:1.5.0] AndroidManifest.xml:24:18-86
21        android:icon="@drawable/spalsh"
21-->src/main/AndroidManifest.xml:14:9-40
22        android:label="@string/app_name"
22-->src/main/AndroidManifest.xml:15:9-41
23        android:roundIcon="@drawable/spalsh"
23-->src/main/AndroidManifest.xml:16:9-45
24        android:supportsRtl="true"
24-->src/main/AndroidManifest.xml:17:9-35
25        android:theme="@style/Theme.IScheduling"
25-->src/main/AndroidManifest.xml:18:9-49
26        android:usesCleartextTraffic="true" >
26-->src/main/AndroidManifest.xml:19:9-44
27        <activity android:name="com.martdevelopersinc.ischeduling.DoctorLogin" />
27-->src/main/AndroidManifest.xml:20:9-58
27-->src/main/AndroidManifest.xml:20:19-46
28        <activity android:name="com.martdevelopersinc.ischeduling.AdminLogin" />
28-->src/main/AndroidManifest.xml:21:9-48
28-->src/main/AndroidManifest.xml:21:19-45
29        <activity android:name="com.martdevelopersinc.ischeduling.StaffLogin" />
29-->src/main/AndroidManifest.xml:22:9-48
29-->src/main/AndroidManifest.xml:22:19-45
30        <activity android:name="com.martdevelopersinc.ischeduling.ClientLogin" />
30-->src/main/AndroidManifest.xml:23:9-49
30-->src/main/AndroidManifest.xml:23:19-46
31        <activity android:name="com.martdevelopersinc.ischeduling.LoginActivity" />
31-->src/main/AndroidManifest.xml:24:9-51
31-->src/main/AndroidManifest.xml:24:19-48
32        <activity android:name="com.martdevelopersinc.ischeduling.MainActivity" >
32-->src/main/AndroidManifest.xml:25:9-31:20
32-->src/main/AndroidManifest.xml:25:19-47
33            <intent-filter>
33-->src/main/AndroidManifest.xml:26:13-30:29
34                <action android:name="android.intent.action.MAIN" />
34-->src/main/AndroidManifest.xml:27:17-69
34-->src/main/AndroidManifest.xml:27:25-66
35
36                <category android:name="android.intent.category.LAUNCHER" />
36-->src/main/AndroidManifest.xml:29:17-77
36-->src/main/AndroidManifest.xml:29:27-74
37            </intent-filter>
38        </activity>
39    </application>
40
41</manifest>